<?xml version="1.0" encoding="UTF-8"?>
<testsuite name="TicTacToeTest" tests="1" skipped="0" failures="0" errors="0" timestamp="2020-07-14T09:00:32" hostname="Pardayev" time="0.053">
  <properties/>
  <testcase name="start" classname="TicTacToeTest" time="0.053"/>
  <system-out><![CDATA[?[1;31m
Start test 1?[0m
XOX
OOX
OOX
]]></system-out>
  <system-err><![CDATA[]]></system-err>
</testsuite>
